TCGA-SARC Solid-Tissue-Normal 2 2
TCGA-KIRP Solid-Tissue-Normal 32 32
TCGA-KICH Solid-Tissue-Normal 24 24
TCGA-KIRC Solid-Tissue-Normal 72 72
TCGA-BRCA Solid-Tissue-Normal 113 113
TCGA-PRAD Solid-Tissue-Normal 52 52
TCGA-PAAD Solid-Tissue-Normal 4 4
TCGA-PCPG Solid-Tissue-Normal 3 3
TCGA-LUAD Solid-Tissue-Normal 59 59
TCGA-READ Solid-Tissue-Normal 10 10
TCGA-ESCA Solid-Tissue-Normal 11 11
TCGA-THCA Solid-Tissue-Normal 58 58
TCGA-UCEC Solid-Tissue-Normal 35 35
TCGA-BLCA Solid-Tissue-Normal 19 19
TCGA-CHOL Solid-Tissue-Normal 9 9
TCGA-LIHC Solid-Tissue-Normal 50 50
TCGA-CESC Solid-Tissue-Normal 3 3
TCGA-COAD Solid-Tissue-Normal 41 41
TCGA-HNSC Solid-Tissue-Normal 44 44
TCGA-SKCM Solid-Tissue-Normal 1 1
TCGA-GBM Solid-Tissue-Normal 5 5
TCGA-LUSC Solid-Tissue-Normal 49 49
TCGA-THYM Solid-Tissue-Normal 2 2
TCGA-STAD Solid-Tissue-Normal 32 32
TCGA-TGCT Primary-Tumor 150 150
TCGA-SARC Primary-Tumor 259 259
TCGA-KIRP Primary-Tumor 288 288
TCGA-UCS Primary-Tumor 56 56
TCGA-KICH Primary-Tumor 65 65
TCGA-KIRC Primary-Tumor 538 538
TCGA-BRCA Primary-Tumor 1102 1102
TCGA-PRAD Primary-Tumor 498 498
TCGA-LUAD Primary-Tumor 533 533
TCGA-OV Primary-Tumor 374 374
TCGA-UVM Primary-Tumor 160 160
TCGA-PAAD Primary-Tumor 177 177
TCGA-READ Primary-Tumor 166 166
TCGA-DLBC Primary-Tumor 48 48
TCGA-ESCA Primary-Tumor 161 161
TCGA-PCPG Primary-Tumor 178 178
TCGA-UCEC Primary-Tumor 551 551
TCGA-STAD Primary-Tumor 375 375
TCGA-CHOL Primary-Tumor 36 36
TCGA-LGG Primary-Tumor 511 511
TCGA-LIHC Primary-Tumor 371 371
TCGA-CESC Primary-Tumor 304 304
TCGA-COAD Primary-Tumor 478 478
TCGA-HNSC Primary-Tumor 500 500
TCGA-SKCM Primary-Tumor 103 103
TCGA-GBM Primary-Tumor 156 156
TCGA-THCA Primary-Tumor 502 502
TCGA-THYM Primary-Tumor 119 119
TCGA-LUSC Primary-Tumor 502 502
TCGA-ACC Primary-Tumor 79 79
TCGA-MESO Primary-Tumor 86 86
TCGA-BLCA Primary-Tumor 414 414
