TCGA-TGCT Primary-Tumor 138 138
TCGA-SARC Primary-Tumor 150 150
TCGA-KIRP Primary-Tumor 206 206
TCGA-UCS Primary-Tumor 38 38
TCGA-KICH Primary-Tumor 50 50
TCGA-KIRC Primary-Tumor 346 346
TCGA-BRCA Primary-Tumor 943 943
TCGA-PRAD Primary-Tumor 382 382
TCGA-LUAD Primary-Tumor 359 359
TCGA-OV Primary-Tumor 222 222
TCGA-UVM Primary-Tumor 33 33
TCGA-PAAD Primary-Tumor 117 117
TCGA-READ Primary-Tumor 148 148
TCGA-ACC Primary-Tumor 68 68
TCGA-DLBC Primary-Tumor 27 27
TCGA-ESCA Primary-Tumor 136 136
TCGA-PCPG Primary-Tumor 169 169
TCGA-UCEC Primary-Tumor 335 335
TCGA-STAD Primary-Tumor 353 353
TCGA-CHOL Primary-Tumor 22 22
TCGA-LGG Primary-Tumor 384 384
TCGA-LIHC Primary-Tumor 202 202
TCGA-CESC Primary-Tumor 248 248
TCGA-COAD Primary-Tumor 337 337
TCGA-HNSC Primary-Tumor 382 382
TCGA-SKCM Primary-Tumor 97 97
TCGA-GBM Primary-Tumor 97 97
TCGA-THCA Primary-Tumor 326 326
TCGA-LUSC Primary-Tumor 412 412
TCGA-THYM Primary-Tumor 115 115
TCGA-MESO Primary-Tumor 70 70
TCGA-BLCA Primary-Tumor 288 288
