TCGA-SARC Solid-Tissue-Normal 2 2
TCGA-KIRP Solid-Tissue-Normal 32 32
TCGA-KICH Solid-Tissue-Normal 24 24
TCGA-KIRC Solid-Tissue-Normal 72 72
TCGA-BRCA Solid-Tissue-Normal 113 113
TCGA-PRAD Solid-Tissue-Normal 52 52
TCGA-LUAD Solid-Tissue-Normal 59 59
TCGA-PAAD Solid-Tissue-Normal 4 4
TCGA-READ Solid-Tissue-Normal 10 10
TCGA-ESCA Solid-Tissue-Normal 11 11
TCGA-PCPG Solid-Tissue-Normal 3 3
TCGA-UCEC Solid-Tissue-Normal 35 35
TCGA-STAD Solid-Tissue-Normal 32 32
TCGA-CHOL Solid-Tissue-Normal 9 9
TCGA-LIHC Solid-Tissue-Normal 50 50
TCGA-CESC Solid-Tissue-Normal 3 3
TCGA-COAD Solid-Tissue-Normal 41 41
TCGA-HNSC Solid-Tissue-Normal 44 44
TCGA-SKCM Solid-Tissue-Normal 1 1
TCGA-GBM Solid-Tissue-Normal 5 5
TCGA-THCA Solid-Tissue-Normal 58 58
TCGA-LUSC Solid-Tissue-Normal 49 49
TCGA-THYM Solid-Tissue-Normal 2 2
TCGA-BLCA Solid-Tissue-Normal 19 19
TCGA-TGCT Primary-Tumor 138 138
TCGA-SARC Primary-Tumor 150 150
TCGA-KIRP Primary-Tumor 206 206
TCGA-UCS Primary-Tumor 38 38
TCGA-KICH Primary-Tumor 50 50
TCGA-KIRC Primary-Tumor 346 346
TCGA-BRCA Primary-Tumor 943 943
TCGA-PRAD Primary-Tumor 382 382
TCGA-LUAD Primary-Tumor 359 359
TCGA-OV Primary-Tumor 222 222
TCGA-UVM Primary-Tumor 33 33
TCGA-PAAD Primary-Tumor 117 117
TCGA-READ Primary-Tumor 148 148
TCGA-ACC Primary-Tumor 68 68
TCGA-DLBC Primary-Tumor 27 27
TCGA-ESCA Primary-Tumor 136 136
TCGA-PCPG Primary-Tumor 169 169
TCGA-UCEC Primary-Tumor 335 335
TCGA-STAD Primary-Tumor 353 353
TCGA-CHOL Primary-Tumor 22 22
TCGA-LGG Primary-Tumor 384 384
TCGA-LIHC Primary-Tumor 202 202
TCGA-CESC Primary-Tumor 248 248
TCGA-COAD Primary-Tumor 337 337
TCGA-HNSC Primary-Tumor 382 382
TCGA-SKCM Primary-Tumor 97 97
TCGA-GBM Primary-Tumor 97 97
TCGA-THCA Primary-Tumor 326 326
TCGA-LUSC Primary-Tumor 412 412
TCGA-THYM Primary-Tumor 115 115
TCGA-MESO Primary-Tumor 70 70
TCGA-BLCA Primary-Tumor 288 288
