TCGA-SARC Solid-Tissue-Normal 2 2
TCGA-KIRP Solid-Tissue-Normal 32 32
TCGA-KICH Solid-Tissue-Normal 24 24
TCGA-KIRC Solid-Tissue-Normal 72 72
TCGA-BRCA Solid-Tissue-Normal 113 113
TCGA-PRAD Solid-Tissue-Normal 52 52
TCGA-LUAD Solid-Tissue-Normal 59 59
TCGA-PAAD Solid-Tissue-Normal 4 4
TCGA-READ Solid-Tissue-Normal 10 10
TCGA-ESCA Solid-Tissue-Normal 11 11
TCGA-PCPG Solid-Tissue-Normal 3 3
TCGA-UCEC Solid-Tissue-Normal 35 35
TCGA-STAD Solid-Tissue-Normal 32 32
TCGA-CHOL Solid-Tissue-Normal 9 9
TCGA-LIHC Solid-Tissue-Normal 50 50
TCGA-CESC Solid-Tissue-Normal 3 3
TCGA-COAD Solid-Tissue-Normal 41 41
TCGA-HNSC Solid-Tissue-Normal 44 44
TCGA-SKCM Solid-Tissue-Normal 1 1
TCGA-GBM Solid-Tissue-Normal 5 5
TCGA-THCA Solid-Tissue-Normal 58 58
TCGA-LUSC Solid-Tissue-Normal 49 49
TCGA-THYM Solid-Tissue-Normal 2 2
TCGA-BLCA Solid-Tissue-Normal 19 19
