##################################################################################################
python merge_files_tumor_and_normal.py     ../download/files_tcga/TCGA-KIRP    ../download/files_tcga/merged_gene_collapsed_filtered/ mart_export.txt mart_export_remap_retired.txt new_mappings.txt
awww yea we have this many entries in our list mothafucka 56777
Reading file ids from ../download/files_tcga/TCGA-KIRP_Primary-Tumor_intermediate
Starting merge
Reading file ids from ../download/files_tcga/TCGA-KIRP_Solid-Tissue-Normal_intermediate
Starting merge
Beginning writeHitList
Warning: Overwritting  ../download/files_tcga/merged_gene_collapsed_filtered/TCGA-KIRP.htseq.counts
Completed writing of ../download/files_tcga/merged_gene_collapsed_filtered/TCGA-KIRP.htseq.counts
Warning: Overwritting  ../download/files_tcga/merged_gene_collapsed_filtered/TCGA-KIRP.categories
Completed writing of ../download/files_tcga/merged_gene_collapsed_filtered/TCGA-KIRP.categories
##################################################################################################
python merge_files_tumor_and_normal.py     ../download/files_tcga/TCGA-KICH    ../download/files_tcga/merged_gene_collapsed_filtered/ mart_export.txt mart_export_remap_retired.txt new_mappings.txt
awww yea we have this many entries in our list mothafucka 56777
Reading file ids from ../download/files_tcga/TCGA-KICH_Primary-Tumor_intermediate
Starting merge
Reading file ids from ../download/files_tcga/TCGA-KICH_Solid-Tissue-Normal_intermediate
Starting merge
Beginning writeHitList
Warning: Overwritting  ../download/files_tcga/merged_gene_collapsed_filtered/TCGA-KICH.htseq.counts
Completed writing of ../download/files_tcga/merged_gene_collapsed_filtered/TCGA-KICH.htseq.counts
Warning: Overwritting  ../download/files_tcga/merged_gene_collapsed_filtered/TCGA-KICH.categories
Completed writing of ../download/files_tcga/merged_gene_collapsed_filtered/TCGA-KICH.categories
##################################################################################################
python merge_files_tumor_and_normal.py     ../download/files_tcga/TCGA-KIRC    ../download/files_tcga/merged_gene_collapsed_filtered/ mart_export.txt mart_export_remap_retired.txt new_mappings.txt
awww yea we have this many entries in our list mothafucka 56777
Reading file ids from ../download/files_tcga/TCGA-KIRC_Primary-Tumor_intermediate
Starting merge
Reading file ids from ../download/files_tcga/TCGA-KIRC_Solid-Tissue-Normal_intermediate
Starting merge
Beginning writeHitList
Warning: Overwritting  ../download/files_tcga/merged_gene_collapsed_filtered/TCGA-KIRC.htseq.counts
Completed writing of ../download/files_tcga/merged_gene_collapsed_filtered/TCGA-KIRC.htseq.counts
Warning: Overwritting  ../download/files_tcga/merged_gene_collapsed_filtered/TCGA-KIRC.categories
Completed writing of ../download/files_tcga/merged_gene_collapsed_filtered/TCGA-KIRC.categories
##################################################################################################
python merge_files_tumor_and_normal.py     ../download/files_tcga/TCGA-BRCA    ../download/files_tcga/merged_gene_collapsed_filtered/ mart_export.txt mart_export_remap_retired.txt new_mappings.txt
awww yea we have this many entries in our list mothafucka 56777
Reading file ids from ../download/files_tcga/TCGA-BRCA_Primary-Tumor_intermediate
Starting merge
Reading file ids from ../download/files_tcga/TCGA-BRCA_Solid-Tissue-Normal_intermediate
Starting merge
Beginning writeHitList
Warning: Overwritting  ../download/files_tcga/merged_gene_collapsed_filtered/TCGA-BRCA.htseq.counts
Completed writing of ../download/files_tcga/merged_gene_collapsed_filtered/TCGA-BRCA.htseq.counts
Warning: Overwritting  ../download/files_tcga/merged_gene_collapsed_filtered/TCGA-BRCA.categories
Completed writing of ../download/files_tcga/merged_gene_collapsed_filtered/TCGA-BRCA.categories
##################################################################################################
python merge_files_tumor_and_normal.py     ../download/files_tcga/TCGA-PRAD    ../download/files_tcga/merged_gene_collapsed_filtered/ mart_export.txt mart_export_remap_retired.txt new_mappings.txt
awww yea we have this many entries in our list mothafucka 56777
Reading file ids from ../download/files_tcga/TCGA-PRAD_Primary-Tumor_intermediate
Starting merge
Reading file ids from ../download/files_tcga/TCGA-PRAD_Solid-Tissue-Normal_intermediate
Starting merge
Beginning writeHitList
Warning: Overwritting  ../download/files_tcga/merged_gene_collapsed_filtered/TCGA-PRAD.htseq.counts
Completed writing of ../download/files_tcga/merged_gene_collapsed_filtered/TCGA-PRAD.htseq.counts
Warning: Overwritting  ../download/files_tcga/merged_gene_collapsed_filtered/TCGA-PRAD.categories
Completed writing of ../download/files_tcga/merged_gene_collapsed_filtered/TCGA-PRAD.categories
##################################################################################################
python merge_files_tumor_and_normal.py     ../download/files_tcga/TCGA-LUAD    ../download/files_tcga/merged_gene_collapsed_filtered/ mart_export.txt mart_export_remap_retired.txt new_mappings.txt
awww yea we have this many entries in our list mothafucka 56777
Reading file ids from ../download/files_tcga/TCGA-LUAD_Primary-Tumor_intermediate
Starting merge
Reading file ids from ../download/files_tcga/TCGA-LUAD_Solid-Tissue-Normal_intermediate
Starting merge
Beginning writeHitList
Warning: Overwritting  ../download/files_tcga/merged_gene_collapsed_filtered/TCGA-LUAD.htseq.counts
Completed writing of ../download/files_tcga/merged_gene_collapsed_filtered/TCGA-LUAD.htseq.counts
Warning: Overwritting  ../download/files_tcga/merged_gene_collapsed_filtered/TCGA-LUAD.categories
Completed writing of ../download/files_tcga/merged_gene_collapsed_filtered/TCGA-LUAD.categories
##################################################################################################
python merge_files_tumor_and_normal.py     ../download/files_tcga/TCGA-READ    ../download/files_tcga/merged_gene_collapsed_filtered/ mart_export.txt mart_export_remap_retired.txt new_mappings.txt
awww yea we have this many entries in our list mothafucka 56777
Reading file ids from ../download/files_tcga/TCGA-READ_Primary-Tumor_intermediate
Starting merge
Reading file ids from ../download/files_tcga/TCGA-READ_Solid-Tissue-Normal_intermediate
Starting merge
Beginning writeHitList
Warning: Overwritting  ../download/files_tcga/merged_gene_collapsed_filtered/TCGA-READ.htseq.counts
Completed writing of ../download/files_tcga/merged_gene_collapsed_filtered/TCGA-READ.htseq.counts
Warning: Overwritting  ../download/files_tcga/merged_gene_collapsed_filtered/TCGA-READ.categories
Completed writing of ../download/files_tcga/merged_gene_collapsed_filtered/TCGA-READ.categories
##################################################################################################
python merge_files_tumor_and_normal.py     ../download/files_tcga/TCGA-ESCA    ../download/files_tcga/merged_gene_collapsed_filtered/ mart_export.txt mart_export_remap_retired.txt new_mappings.txt
awww yea we have this many entries in our list mothafucka 56777
Reading file ids from ../download/files_tcga/TCGA-ESCA_Primary-Tumor_intermediate
Starting merge
Reading file ids from ../download/files_tcga/TCGA-ESCA_Solid-Tissue-Normal_intermediate
Starting merge
Beginning writeHitList
Warning: Overwritting  ../download/files_tcga/merged_gene_collapsed_filtered/TCGA-ESCA.htseq.counts
Completed writing of ../download/files_tcga/merged_gene_collapsed_filtered/TCGA-ESCA.htseq.counts
Warning: Overwritting  ../download/files_tcga/merged_gene_collapsed_filtered/TCGA-ESCA.categories
Completed writing of ../download/files_tcga/merged_gene_collapsed_filtered/TCGA-ESCA.categories
##################################################################################################
python merge_files_tumor_and_normal.py     ../download/files_tcga/TCGA-THCA    ../download/files_tcga/merged_gene_collapsed_filtered/ mart_export.txt mart_export_remap_retired.txt new_mappings.txt
awww yea we have this many entries in our list mothafucka 56777
Reading file ids from ../download/files_tcga/TCGA-THCA_Primary-Tumor_intermediate
Starting merge
Reading file ids from ../download/files_tcga/TCGA-THCA_Solid-Tissue-Normal_intermediate
Starting merge
Beginning writeHitList
Warning: Overwritting  ../download/files_tcga/merged_gene_collapsed_filtered/TCGA-THCA.htseq.counts
Completed writing of ../download/files_tcga/merged_gene_collapsed_filtered/TCGA-THCA.htseq.counts
Warning: Overwritting  ../download/files_tcga/merged_gene_collapsed_filtered/TCGA-THCA.categories
Completed writing of ../download/files_tcga/merged_gene_collapsed_filtered/TCGA-THCA.categories
##################################################################################################
python merge_files_tumor_and_normal.py     ../download/files_tcga/TCGA-UCEC    ../download/files_tcga/merged_gene_collapsed_filtered/ mart_export.txt mart_export_remap_retired.txt new_mappings.txt
awww yea we have this many entries in our list mothafucka 56777
Reading file ids from ../download/files_tcga/TCGA-UCEC_Primary-Tumor_intermediate
Starting merge
Reading file ids from ../download/files_tcga/TCGA-UCEC_Solid-Tissue-Normal_intermediate
Starting merge
Beginning writeHitList
Warning: Overwritting  ../download/files_tcga/merged_gene_collapsed_filtered/TCGA-UCEC.htseq.counts
Completed writing of ../download/files_tcga/merged_gene_collapsed_filtered/TCGA-UCEC.htseq.counts
Warning: Overwritting  ../download/files_tcga/merged_gene_collapsed_filtered/TCGA-UCEC.categories
Completed writing of ../download/files_tcga/merged_gene_collapsed_filtered/TCGA-UCEC.categories
##################################################################################################
python merge_files_tumor_and_normal.py     ../download/files_tcga/TCGA-STAD    ../download/files_tcga/merged_gene_collapsed_filtered/ mart_export.txt mart_export_remap_retired.txt new_mappings.txt
awww yea we have this many entries in our list mothafucka 56777
Reading file ids from ../download/files_tcga/TCGA-STAD_Primary-Tumor_intermediate
Starting merge
Reading file ids from ../download/files_tcga/TCGA-STAD_Solid-Tissue-Normal_intermediate
Starting merge
Beginning writeHitList
Warning: Overwritting  ../download/files_tcga/merged_gene_collapsed_filtered/TCGA-STAD.htseq.counts
Completed writing of ../download/files_tcga/merged_gene_collapsed_filtered/TCGA-STAD.htseq.counts
Warning: Overwritting  ../download/files_tcga/merged_gene_collapsed_filtered/TCGA-STAD.categories
Completed writing of ../download/files_tcga/merged_gene_collapsed_filtered/TCGA-STAD.categories
##################################################################################################
python merge_files_tumor_and_normal.py     ../download/files_tcga/TCGA-LIHC    ../download/files_tcga/merged_gene_collapsed_filtered/ mart_export.txt mart_export_remap_retired.txt new_mappings.txt
awww yea we have this many entries in our list mothafucka 56777
Reading file ids from ../download/files_tcga/TCGA-LIHC_Primary-Tumor_intermediate
Starting merge
Reading file ids from ../download/files_tcga/TCGA-LIHC_Solid-Tissue-Normal_intermediate
Starting merge
Beginning writeHitList
Warning: Overwritting  ../download/files_tcga/merged_gene_collapsed_filtered/TCGA-LIHC.htseq.counts
Completed writing of ../download/files_tcga/merged_gene_collapsed_filtered/TCGA-LIHC.htseq.counts
Warning: Overwritting  ../download/files_tcga/merged_gene_collapsed_filtered/TCGA-LIHC.categories
Completed writing of ../download/files_tcga/merged_gene_collapsed_filtered/TCGA-LIHC.categories
##################################################################################################
python merge_files_tumor_and_normal.py     ../download/files_tcga/TCGA-COAD    ../download/files_tcga/merged_gene_collapsed_filtered/ mart_export.txt mart_export_remap_retired.txt new_mappings.txt
awww yea we have this many entries in our list mothafucka 56777
Reading file ids from ../download/files_tcga/TCGA-COAD_Primary-Tumor_intermediate
Starting merge
Reading file ids from ../download/files_tcga/TCGA-COAD_Solid-Tissue-Normal_intermediate
Starting merge
Beginning writeHitList
Warning: Overwritting  ../download/files_tcga/merged_gene_collapsed_filtered/TCGA-COAD.htseq.counts
Completed writing of ../download/files_tcga/merged_gene_collapsed_filtered/TCGA-COAD.htseq.counts
Warning: Overwritting  ../download/files_tcga/merged_gene_collapsed_filtered/TCGA-COAD.categories
Completed writing of ../download/files_tcga/merged_gene_collapsed_filtered/TCGA-COAD.categories
##################################################################################################
python merge_files_tumor_and_normal.py     ../download/files_tcga/TCGA-HNSC    ../download/files_tcga/merged_gene_collapsed_filtered/ mart_export.txt mart_export_remap_retired.txt new_mappings.txt
awww yea we have this many entries in our list mothafucka 56777
Reading file ids from ../download/files_tcga/TCGA-HNSC_Primary-Tumor_intermediate
Starting merge
Reading file ids from ../download/files_tcga/TCGA-HNSC_Solid-Tissue-Normal_intermediate
Starting merge
Beginning writeHitList
Warning: Overwritting  ../download/files_tcga/merged_gene_collapsed_filtered/TCGA-HNSC.htseq.counts
Completed writing of ../download/files_tcga/merged_gene_collapsed_filtered/TCGA-HNSC.htseq.counts
Warning: Overwritting  ../download/files_tcga/merged_gene_collapsed_filtered/TCGA-HNSC.categories
Completed writing of ../download/files_tcga/merged_gene_collapsed_filtered/TCGA-HNSC.categories
##################################################################################################
python merge_files_tumor_and_normal.py     ../download/files_tcga/TCGA-LUSC    ../download/files_tcga/merged_gene_collapsed_filtered/ mart_export.txt mart_export_remap_retired.txt new_mappings.txt
awww yea we have this many entries in our list mothafucka 56777
Reading file ids from ../download/files_tcga/TCGA-LUSC_Primary-Tumor_intermediate
Starting merge
Reading file ids from ../download/files_tcga/TCGA-LUSC_Solid-Tissue-Normal_intermediate
Starting merge
Beginning writeHitList
Warning: Overwritting  ../download/files_tcga/merged_gene_collapsed_filtered/TCGA-LUSC.htseq.counts
Completed writing of ../download/files_tcga/merged_gene_collapsed_filtered/TCGA-LUSC.htseq.counts
Warning: Overwritting  ../download/files_tcga/merged_gene_collapsed_filtered/TCGA-LUSC.categories
Completed writing of ../download/files_tcga/merged_gene_collapsed_filtered/TCGA-LUSC.categories
##################################################################################################
python merge_files_tumor_and_normal.py     ../download/files_tcga/TCGA-BLCA    ../download/files_tcga/merged_gene_collapsed_filtered/ mart_export.txt mart_export_remap_retired.txt new_mappings.txt
awww yea we have this many entries in our list mothafucka 56777
Reading file ids from ../download/files_tcga/TCGA-BLCA_Primary-Tumor_intermediate
Starting merge
Reading file ids from ../download/files_tcga/TCGA-BLCA_Solid-Tissue-Normal_intermediate
Starting merge
Beginning writeHitList
Warning: Overwritting  ../download/files_tcga/merged_gene_collapsed_filtered/TCGA-BLCA.htseq.counts
Completed writing of ../download/files_tcga/merged_gene_collapsed_filtered/TCGA-BLCA.htseq.counts
Warning: Overwritting  ../download/files_tcga/merged_gene_collapsed_filtered/TCGA-BLCA.categories
Completed writing of ../download/files_tcga/merged_gene_collapsed_filtered/TCGA-BLCA.categories
